#
# There is insufficient memory for the Java Runtime Environment to continue.
# Native memory allocation (mmap) failed to map 27262976 bytes for Failed to commit area from 0x0000000088e00000 to 0x000000008a800000 of length 27262976.
# Possible reasons:
#   The system is out of physical RAM or swap space
#   The process is running with CompressedOops enabled, and the Java Heap may be blocking the growth of the native heap
# Possible solutions:
#   Reduce memory load on the system
#   Increase physical memory or swap space
#   Check if swap backing store is full
#   Decrease Java heap size (-Xmx/-Xms)
#   Decrease number of Java threads
#   Decrease Java thread stack sizes (-Xss)
#   Set larger code cache with -XX:ReservedCodeCacheSize=
#   JVM is running with Unscaled Compressed Oops mode in which the Java heap is
#     placed in the first 4GB address space. The Java Heap base address is the
#     maximum limit for the native heap growth. Please use -XX:HeapBaseMinAddress
#     to set the Java Heap base and to place the Java Heap above 4GB virtual address.
# This output file may be truncated or incomplete.
#
#  Out of Memory Error (./src/hotspot/os/windows/os_windows.cpp:3303), pid=6184, tid=16232
#
# JRE version: OpenJDK Runtime Environment (11.0.8+10) (build 11.0.8+10-b944.6842174)
# Java VM: OpenJDK 64-Bit Server VM (11.0.8+10-b944.6842174, mixed mode, tiered, compressed oops, g1 gc, windows-amd64)
# No core dump will be written. Minidumps are not enabled by default on client versions of Windows
#

---------------  S U M M A R Y ------------

Command Line: org.jetbrains.kotlin.cli.jvm.K2JVMCompiler @C:\Stocknize\StocknizeProject-FrontEnd\Felipe-ajustes\stocknizeproject-frontend\app\build\20210602_2870188436552034695.compiler.options

Host: Intel(R) Core(TM) i5-4460  CPU @ 3.20GHz, 4 cores, 7G,  Windows 10 , 64 bit Build 19041 (10.0.19041.928)
Time: Wed Jun  2 21:18:06 2021 Hora oficial do Brasil elapsed time: 2 seconds (0d 0h 0m 2s)

---------------  T H R E A D  ---------------

Current thread (0x000001a39a0af000):  VMThread "VM Thread" [stack: 0x00000003b4c00000,0x00000003b4d00000] [id=16232]

Stack: [0x00000003b4c00000,0x00000003b4d00000]
[error occurred during error reporting (printing stack bounds), id 0xc0000005, EXCEPTION_ACCESS_VIOLATION (0xc0000005) at pc=0x000001a3838c0dad]

Native frames: (J=compiled Java code, j=interpreted, Vv=VM code, C=native code)
V  [jvm.dll+0x5de50a]
V  [jvm.dll+0x7122f5]
V  [jvm.dll+0x71384d]
V  [jvm.dll+0x713e65]
V  [jvm.dll+0x713e1b]
V  [jvm.dll+0x5dd958]
V  [jvm.dll+0x5de0f8]
C  [ntdll.dll+0xa217f]
C  [ntdll.dll+0x51454]
C  [ntdll.dll+0xa0cae]
C  0x000001a3838c0dad

VM_Operation (0x00000003b46f8ed0): G1CollectForAllocation, mode: safepoint, requested by thread 0x000001a3fdf98800


---------------  P R O C E S S  ---------------

Threads class SMR info:
_java_thread_list=0x000001a39ac043b0, length=11, elements={
0x000001a3fdf98800, 0x000001a39a0d2000, 0x000001a39a0d5000, 0x000001a39aa83000,
0x000001a39a0f0000, 0x000001a39a0f2800, 0x000001a39a0f8000, 0x000001a39a0fd000,
0x000001a39abbd000, 0x000001a39abc9000, 0x000001a39abc3000
}

Java Threads: ( => current thread )
  0x000001a3fdf98800 JavaThread "main" [_thread_blocked, id=14036, stack(0x00000003b4600000,0x00000003b4700000)]
  0x000001a39a0d2000 JavaThread "Reference Handler" daemon [_thread_blocked, id=14172, stack(0x00000003b4d00000,0x00000003b4e00000)]
  0x000001a39a0d5000 JavaThread "Finalizer" daemon [_thread_blocked, id=10952, stack(0x00000003b4e00000,0x00000003b4f00000)]
  0x000001a39aa83000 JavaThread "Signal Dispatcher" daemon [_thread_blocked, id=2392, stack(0x00000003b4f00000,0x00000003b5000000)]
  0x000001a39a0f0000 JavaThread "Attach Listener" daemon [_thread_blocked, id=9964, stack(0x00000003b5000000,0x00000003b5100000)]
  0x000001a39a0f2800 JavaThread "C2 CompilerThread0" daemon [_thread_in_native, id=4124, stack(0x00000003b5100000,0x00000003b5200000)]
  0x000001a39a0f8000 JavaThread "C1 CompilerThread0" daemon [_thread_blocked, id=12688, stack(0x00000003b5200000,0x00000003b5300000)]
  0x000001a39a0fd000 JavaThread "Sweeper thread" daemon [_thread_blocked, id=10576, stack(0x00000003b5300000,0x00000003b5400000)]
  0x000001a39abbd000 JavaThread "Service Thread" daemon [_thread_blocked, id=16112, stack(0x00000003b5400000,0x00000003b5500000)]
  0x000001a39abc9000 JavaThread "Common-Cleaner" daemon [_thread_blocked, id=14296, stack(0x00000003b5600000,0x00000003b5700000)]
  0x000001a39abc3000 JavaThread "C2 CompilerThread1" daemon [_thread_in_native, id=14524, stack(0x00000003b5700000,0x00000003b5800000)]

Other Threads:
=>0x000001a39a0af000 VMThread "VM Thread" [stack: 0x00000003b4c00000,0x00000003b4d00000] [id=16232]
  0x000001a39abc0800 WatcherThread [stack: 0x00000003b5500000,0x00000003b5600000] [id=12256]
  0x000001a3fdfb1000 GCTaskThread "GC Thread#0" [stack: 0x00000003b4700000,0x00000003b4800000] [id=13692]
  0x000001a39af7d800 GCTaskThread "GC Thread#1" [stack: 0x00000003b5800000,0x00000003b5900000] [id=14264]
  0x000001a39af74000 GCTaskThread "GC Thread#2" [stack: 0x00000003b5900000,0x00000003b5a00000] [id=892]
  0x000001a3fdfe4800 ConcurrentGCThread "G1 Main Marker" [stack: 0x00000003b4800000,0x00000003b4900000] [id=14704]
  0x000001a3fdfe5800 ConcurrentGCThread "G1 Conc#0" [stack: 0x00000003b4900000,0x00000003b4a00000] [id=13168]
  0x000001a3fe075800 ConcurrentGCThread "G1 Refine#0" [stack: 0x00000003b4a00000,0x00000003b4b00000] [id=12284]
  0x000001a3fe077800 ConcurrentGCThread "G1 Young RemSet Sampling" [stack: 0x00000003b4b00000,0x00000003b4c00000] [id=740]

Threads with active compile tasks:
C2 CompilerThread0   2991 2912       4       java.lang.ClassLoader::loadClass (7 bytes)
C2 CompilerThread1   2991 2941       4       jdk.internal.loader.ClassLoaders$AppClassLoader::loadClass (40 bytes)

VM state:at safepoint (normal execution)

VM Mutex/Monitor currently owned by a thread:  ([mutex/lock_event])
[0x000001a3fdf95e20] Threads_lock - owner thread: 0x000001a39a0af000
[0x000001a3fdf95b50] Heap_lock - owner thread: 0x000001a3fdf98800

Heap address: 0x0000000080e00000, size: 2034 MB, Compressed Oops mode: 32-bit
Narrow klass base: 0x0000000000000000, Narrow klass shift: 3
Compressed class space size: 1073741824 Address: 0x0000000100000000

Heap:
 garbage-first heap   total 157696K, used 30217K [0x0000000080e00000, 0x0000000100000000)
  region size 1024K, 7 young (7168K), 7 survivors (7168K)
 Metaspace       used 45233K, capacity 45771K, committed 45980K, reserved 1089536K
  class space    used 5367K, capacity 5550K, committed 5628K, reserved 1048576K
Heap Regions: E=young(eden), S=young(survivor), O=old, HS=humongous(starts), HC=humongous(continues), CS=collection set, F=free, A=archive, TAMS=top-at-mark-start (previous, next)
|   0|0x0000000080e00000, 0x0000000080f00000, 0x0000000080f00000|100%|HS|  |TAMS 0x0000000080f00000, 0x0000000080e00000| Complete 
|   1|0x0000000080f00000, 0x0000000081000000, 0x0000000081000000|100%|HC|  |TAMS 0x0000000081000000, 0x0000000080f00000| Complete 
|   2|0x0000000081000000, 0x0000000081100000, 0x0000000081100000|100%|HC|  |TAMS 0x0000000081100000, 0x0000000081000000| Complete 
|   3|0x0000000081100000, 0x0000000081200000, 0x0000000081200000|100%| O|  |TAMS 0x0000000081200000, 0x0000000081100000| Untracked 
|   4|0x0000000081200000, 0x0000000081300000, 0x0000000081300000|100%| O|  |TAMS 0x0000000081300000, 0x0000000081200000| Untracked 
|   5|0x0000000081300000, 0x0000000081400000, 0x0000000081400000|100%|HS|  |TAMS 0x0000000081400000, 0x0000000081300000| Complete 
|   6|0x0000000081400000, 0x0000000081500000, 0x0000000081500000|100%|HC|  |TAMS 0x0000000081500000, 0x0000000081400000| Complete 
|   7|0x0000000081500000, 0x0000000081600000, 0x0000000081600000|100%|HC|  |TAMS 0x0000000081600000, 0x0000000081500000| Complete 
|   8|0x0000000081600000, 0x0000000081700000, 0x0000000081700000|100%|HS|  |TAMS 0x0000000081700000, 0x0000000081600000| Complete 
|   9|0x0000000081700000, 0x0000000081800000, 0x0000000081800000|100%|HC|  |TAMS 0x0000000081800000, 0x0000000081700000| Complete 
|  10|0x0000000081800000, 0x0000000081900000, 0x0000000081900000|100%|HC|  |TAMS 0x0000000081900000, 0x0000000081800000| Complete 
|  11|0x0000000081900000, 0x0000000081a00000, 0x0000000081a00000|100%| O|  |TAMS 0x0000000081a00000, 0x0000000081900000| Untracked 
|  12|0x0000000081a00000, 0x0000000081b00000, 0x0000000081b00000|100%| O|  |TAMS 0x0000000081b00000, 0x0000000081a00000| Untracked 
|  13|0x0000000081b00000, 0x0000000081c00000, 0x0000000081c00000|100%| O|  |TAMS 0x0000000081c00000, 0x0000000081b00000| Untracked 
|  14|0x0000000081c00000, 0x0000000081d00000, 0x0000000081d00000|100%| O|  |TAMS 0x0000000081d00000, 0x0000000081c00000| Untracked 
|  15|0x0000000081d00000, 0x0000000081e00000, 0x0000000081e00000|100%|HS|  |TAMS 0x0000000081e00000, 0x0000000081d00000| Complete 
|  16|0x0000000081e00000, 0x0000000081f00000, 0x0000000081f00000|100%|HC|  |TAMS 0x0000000081f00000, 0x0000000081e00000| Complete 
|  17|0x0000000081f00000, 0x0000000082000000, 0x0000000082000000|100%| O|  |TAMS 0x0000000082000000, 0x0000000081f00000| Untracked 
|  18|0x0000000082000000, 0x0000000082100000, 0x0000000082100000|100%| O|  |TAMS 0x0000000082100000, 0x0000000082000000| Untracked 
|  19|0x0000000082100000, 0x0000000082200000, 0x0000000082200000|100%| O|  |TAMS 0x0000000082200000, 0x0000000082100000| Untracked 
|  20|0x0000000082200000, 0x0000000082300000, 0x0000000082300000|100%| O|  |TAMS 0x0000000082300000, 0x0000000082200000| Untracked 
|  21|0x0000000082300000, 0x0000000082400000, 0x0000000082400000|100%| O|  |TAMS 0x0000000082400000, 0x0000000082300000| Untracked 
|  22|0x0000000082400000, 0x0000000082500000, 0x0000000082500000|100%| O|  |TAMS 0x0000000082500000, 0x0000000082400000| Untracked 
|  23|0x0000000082500000, 0x0000000082500000, 0x0000000082600000|  0%| F|  |TAMS 0x0000000082500000, 0x0000000082500000| Untracked 
|  24|0x0000000082600000, 0x0000000082600000, 0x0000000082700000|  0%| F|  |TAMS 0x0000000082600000, 0x0000000082600000| Untracked 
|  25|0x0000000082700000, 0x0000000082700000, 0x0000000082800000|  0%| F|  |TAMS 0x0000000082700000, 0x0000000082700000| Untracked 
|  26|0x0000000082800000, 0x0000000082800000, 0x0000000082900000|  0%| F|  |TAMS 0x0000000082800000, 0x0000000082800000| Untracked 
|  27|0x0000000082900000, 0x0000000082900000, 0x0000000082a00000|  0%| F|  |TAMS 0x0000000082900000, 0x0000000082900000| Untracked 
|  28|0x0000000082a00000, 0x0000000082a00000, 0x0000000082b00000|  0%| F|  |TAMS 0x0000000082a00000, 0x0000000082a00000| Untracked 
|  29|0x0000000082b00000, 0x0000000082b00000, 0x0000000082c00000|  0%| F|  |TAMS 0x0000000082b00000, 0x0000000082b00000| Untracked 
|  30|0x0000000082c00000, 0x0000000082c00000, 0x0000000082d00000|  0%| F|  |TAMS 0x0000000082c00000, 0x0000000082c00000| Untracked 
|  31|0x0000000082d00000, 0x0000000082d00000, 0x0000000082e00000|  0%| F|  |TAMS 0x0000000082d00000, 0x0000000082d00000| Untracked 
|  32|0x0000000082e00000, 0x0000000082e00000, 0x0000000082f00000|  0%| F|  |TAMS 0x0000000082e00000, 0x0000000082e00000| Untracked 
|  33|0x0000000082f00000, 0x0000000082f00000, 0x0000000083000000|  0%| F|  |TAMS 0x0000000082f00000, 0x0000000082f00000| Untracked 
|  34|0x0000000083000000, 0x0000000083000000, 0x0000000083100000|  0%| F|  |TAMS 0x0000000083000000, 0x0000000083000000| Untracked 
|  35|0x0000000083100000, 0x0000000083100000, 0x0000000083200000|  0%| F|  |TAMS 0x0000000083100000, 0x0000000083100000| Untracked 
|  36|0x0000000083200000, 0x0000000083200000, 0x0000000083300000|  0%| F|  |TAMS 0x0000000083200000, 0x0000000083200000| Untracked 
|  37|0x0000000083300000, 0x0000000083300000, 0x0000000083400000|  0%| F|  |TAMS 0x0000000083300000, 0x0000000083300000| Untracked 
|  38|0x0000000083400000, 0x0000000083400000, 0x0000000083500000|  0%| F|  |TAMS 0x0000000083400000, 0x0000000083400000| Untracked 
|  39|0x0000000083500000, 0x0000000083500000, 0x0000000083600000|  0%| F|  |TAMS 0x0000000083500000, 0x0000000083500000| Untracked 
|  40|0x0000000083600000, 0x0000000083600000, 0x0000000083700000|  0%| F|  |TAMS 0x0000000083600000, 0x0000000083600000| Untracked 
|  41|0x0000000083700000, 0x0000000083700000, 0x0000000083800000|  0%| F|  |TAMS 0x0000000083700000, 0x0000000083700000| Untracked 
|  42|0x0000000083800000, 0x0000000083800000, 0x0000000083900000|  0%| F|  |TAMS 0x0000000083800000, 0x0000000083800000| Untracked 
|  43|0x0000000083900000, 0x0000000083900000, 0x0000000083a00000|  0%| F|  |TAMS 0x0000000083900000, 0x0000000083900000| Untracked 
|  44|0x0000000083a00000, 0x0000000083a00000, 0x0000000083b00000|  0%| F|  |TAMS 0x0000000083a00000, 0x0000000083a00000| Untracked 
|  45|0x0000000083b00000, 0x0000000083b00000, 0x0000000083c00000|  0%| F|  |TAMS 0x0000000083b00000, 0x0000000083b00000| Untracked 
|  46|0x0000000083c00000, 0x0000000083c00000, 0x0000000083d00000|  0%| F|  |TAMS 0x0000000083c00000, 0x0000000083c00000| Untracked 
|  47|0x0000000083d00000, 0x0000000083d00000, 0x0000000083e00000|  0%| F|  |TAMS 0x0000000083d00000, 0x0000000083d00000| Untracked 
|  48|0x0000000083e00000, 0x0000000083e00000, 0x0000000083f00000|  0%| F|  |TAMS 0x0000000083e00000, 0x0000000083e00000| Untracked 
|  49|0x0000000083f00000, 0x0000000083f00000, 0x0000000084000000|  0%| F|  |TAMS 0x0000000083f00000, 0x0000000083f00000| Untracked 
|  50|0x0000000084000000, 0x0000000084000000, 0x0000000084100000|  0%| F|  |TAMS 0x0000000084000000, 0x0000000084000000| Untracked 
|  51|0x0000000084100000, 0x0000000084100000, 0x0000000084200000|  0%| F|  |TAMS 0x0000000084100000, 0x0000000084100000| Untracked 
|  52|0x0000000084200000, 0x0000000084200000, 0x0000000084300000|  0%| F|  |TAMS 0x0000000084200000, 0x0000000084200000| Untracked 
|  53|0x0000000084300000, 0x0000000084300000, 0x0000000084400000|  0%| F|  |TAMS 0x0000000084300000, 0x0000000084300000| Untracked 
|  54|0x0000000084400000, 0x0000000084400000, 0x0000000084500000|  0%| F|  |TAMS 0x0000000084400000, 0x0000000084400000| Untracked 
|  55|0x0000000084500000, 0x0000000084500000, 0x0000000084600000|  0%| F|  |TAMS 0x0000000084500000, 0x0000000084500000| Untracked 
|  56|0x0000000084600000, 0x0000000084600000, 0x0000000084700000|  0%| F|  |TAMS 0x0000000084600000, 0x0000000084600000| Untracked 
|  57|0x0000000084700000, 0x0000000084700000, 0x0000000084800000|  0%| F|  |TAMS 0x0000000084700000, 0x0000000084700000| Untracked 
|  58|0x0000000084800000, 0x0000000084800000, 0x0000000084900000|  0%| F|  |TAMS 0x0000000084800000, 0x0000000084800000| Untracked 
|  59|0x0000000084900000, 0x0000000084900000, 0x0000000084a00000|  0%| F|  |TAMS 0x0000000084900000, 0x0000000084900000| Untracked 
|  60|0x0000000084a00000, 0x0000000084a00000, 0x0000000084b00000|  0%| F|  |TAMS 0x0000000084a00000, 0x0000000084a00000| Untracked 
|  61|0x0000000084b00000, 0x0000000084b00000, 0x0000000084c00000|  0%| F|  |TAMS 0x0000000084b00000, 0x0000000084b00000| Untracked 
|  62|0x0000000084c00000, 0x0000000084c00000, 0x0000000084d00000|  0%| F|  |TAMS 0x0000000084c00000, 0x0000000084c00000| Untracked 
|  63|0x0000000084d00000, 0x0000000084d00000, 0x0000000084e00000|  0%| F|  |TAMS 0x0000000084d00000, 0x0000000084d00000| Untracked 
|  64|0x0000000084e00000, 0x0000000084e00000, 0x0000000084f00000|  0%| F|  |TAMS 0x0000000084e00000, 0x0000000084e00000| Untracked 
|  65|0x0000000084f00000, 0x0000000084f00000, 0x0000000085000000|  0%| F|  |TAMS 0x0000000084f00000, 0x0000000084f00000| Untracked 
|  66|0x0000000085000000, 0x0000000085000000, 0x0000000085100000|  0%| F|  |TAMS 0x0000000085000000, 0x0000000085000000| Untracked 
|  67|0x0000000085100000, 0x0000000085100000, 0x0000000085200000|  0%| F|  |TAMS 0x0000000085100000, 0x0000000085100000| Untracked 
|  68|0x0000000085200000, 0x0000000085200000, 0x0000000085300000|  0%| F|  |TAMS 0x0000000085200000, 0x0000000085200000| Untracked 
|  69|0x0000000085300000, 0x0000000085300000, 0x0000000085400000|  0%| F|  |TAMS 0x0000000085300000, 0x0000000085300000| Untracked 
|  70|0x0000000085400000, 0x0000000085482548, 0x0000000085500000| 50%| S|CS|TAMS 0x0000000085400000, 0x0000000085400000| Complete 
|  71|0x0000000085500000, 0x0000000085600000, 0x0000000085600000|100%| S|CS|TAMS 0x0000000085500000, 0x0000000085500000| Complete 
|  72|0x0000000085600000, 0x0000000085700000, 0x0000000085700000|100%| S|CS|TAMS 0x0000000085600000, 0x0000000085600000| Complete 
|  73|0x0000000085700000, 0x0000000085800000, 0x0000000085800000|100%| S|CS|TAMS 0x0000000085700000, 0x0000000085700000| Complete 
|  74|0x0000000085800000, 0x0000000085900000, 0x0000000085900000|100%| S|CS|TAMS 0x0000000085800000, 0x0000000085800000| Complete 
|  75|0x0000000085900000, 0x0000000085a00000, 0x0000000085a00000|100%| S|CS|TAMS 0x0000000085900000, 0x0000000085900000| Complete 
|  76|0x0000000085a00000, 0x0000000085b00000, 0x0000000085b00000|100%| S|CS|TAMS 0x0000000085a00000, 0x0000000085a00000| Complete 
|  77|0x0000000085b00000, 0x0000000085b00000, 0x0000000085c00000|  0%| F|  |TAMS 0x0000000085b00000, 0x0000000085b00000| Untracked 
|  78|0x0000000085c00000, 0x0000000085c00000, 0x0000000085d00000|  0%| F|  |TAMS 0x0000000085c00000, 0x0000000085c00000| Untracked 
|  79|0x0000000085d00000, 0x0000000085d00000, 0x0000000085e00000|  0%| F|  |TAMS 0x0000000085d00000, 0x0000000085d00000| Untracked 
|  80|0x0000000085e00000, 0x0000000085e00000, 0x0000000085f00000|  0%| F|  |TAMS 0x0000000085e00000, 0x0000000085e00000| Untracked 
|  81|0x0000000085f00000, 0x0000000085f00000, 0x0000000086000000|  0%| F|  |TAMS 0x0000000085f00000, 0x0000000085f00000| Untracked 
|  82|0x0000000086000000, 0x0000000086000000, 0x0000000086100000|  0%| F|  |TAMS 0x0000000086000000, 0x0000000086000000| Untracked 
|  83|0x0000000086100000, 0x0000000086100000, 0x0000000086200000|  0%| F|  |TAMS 0x0000000086100000, 0x0000000086100000| Untracked 
|  84|0x0000000086200000, 0x0000000086200000, 0x0000000086300000|  0%| F|  |TAMS 0x0000000086200000, 0x0000000086200000| Untracked 
|  85|0x0000000086300000, 0x0000000086300000, 0x0000000086400000|  0%| F|  |TAMS 0x0000000086300000, 0x0000000086300000| Untracked 
|  86|0x0000000086400000, 0x0000000086400000, 0x0000000086500000|  0%| F|  |TAMS 0x0000000086400000, 0x0000000086400000| Untracked 
|  87|0x0000000086500000, 0x0000000086500000, 0x0000000086600000|  0%| F|  |TAMS 0x0000000086500000, 0x0000000086500000| Untracked 
|  88|0x0000000086600000, 0x0000000086600000, 0x0000000086700000|  0%| F|  |TAMS 0x0000000086600000, 0x0000000086600000| Untracked 
|  89|0x0000000086700000, 0x0000000086700000, 0x0000000086800000|  0%| F|  |TAMS 0x0000000086700000, 0x0000000086700000| Untracked 
|  90|0x0000000086800000, 0x0000000086800000, 0x0000000086900000|  0%| F|  |TAMS 0x0000000086800000, 0x0000000086800000| Untracked 
|  91|0x0000000086900000, 0x0000000086900000, 0x0000000086a00000|  0%| F|  |TAMS 0x0000000086900000, 0x0000000086900000| Untracked 
|  92|0x0000000086a00000, 0x0000000086a00000, 0x0000000086b00000|  0%| F|  |TAMS 0x0000000086a00000, 0x0000000086a00000| Untracked 
|  93|0x0000000086b00000, 0x0000000086b00000, 0x0000000086c00000|  0%| F|  |TAMS 0x0000000086b00000, 0x0000000086b00000| Untracked 
|  94|0x0000000086c00000, 0x0000000086c00000, 0x0000000086d00000|  0%| F|  |TAMS 0x0000000086c00000, 0x0000000086c00000| Untracked 
|  95|0x0000000086d00000, 0x0000000086d00000, 0x0000000086e00000|  0%| F|  |TAMS 0x0000000086d00000, 0x0000000086d00000| Untracked 
|  96|0x0000000086e00000, 0x0000000086e00000, 0x0000000086f00000|  0%| F|  |TAMS 0x0000000086e00000, 0x0000000086e00000| Untracked 
|  97|0x0000000086f00000, 0x0000000086f00000, 0x0000000087000000|  0%| F|  |TAMS 0x0000000086f00000, 0x0000000086f00000| Untracked 
|  98|0x0000000087000000, 0x0000000087000000, 0x0000000087100000|  0%| F|  |TAMS 0x0000000087000000, 0x0000000087000000| Untracked 
|  99|0x0000000087100000, 0x0000000087100000, 0x0000000087200000|  0%| F|  |TAMS 0x0000000087100000, 0x0000000087100000| Untracked 
| 100|0x0000000087200000, 0x0000000087200000, 0x0000000087300000|  0%| F|  |TAMS 0x0000000087200000, 0x0000000087200000| Untracked 
| 101|0x0000000087300000, 0x0000000087300000, 0x0000000087400000|  0%| F|  |TAMS 0x0000000087300000, 0x0000000087300000| Untracked 
| 102|0x0000000087400000, 0x0000000087400000, 0x0000000087500000|  0%| F|  |TAMS 0x0000000087400000, 0x0000000087400000| Untracked 
| 103|0x0000000087500000, 0x0000000087500000, 0x0000000087600000|  0%| F|  |TAMS 0x0000000087500000, 0x0000000087500000| Untracked 
| 104|0x0000000087600000, 0x0000000087600000, 0x0000000087700000|  0%| F|  |TAMS 0x0000000087600000, 0x0000000087600000| Untracked 
| 105|0x0000000087700000, 0x0000000087700000, 0x0000000087800000|  0%| F|  |TAMS 0x0000000087700000, 0x0000000087700000| Untracked 
| 106|0x0000000087800000, 0x0000000087800000, 0x0000000087900000|  0%| F|  |TAMS 0x0000000087800000, 0x0000000087800000| Untracked 
| 107|0x0000000087900000, 0x0000000087900000, 0x0000000087a00000|  0%| F|  |TAMS 0x0000000087900000, 0x0000000087900000| Untracked 
| 108|0x0000000087a00000, 0x0000000087a00000, 0x0000000087b00000|  0%| F|  |TAMS 0x0000000087a00000, 0x0000000087a00000| Untracked 
| 109|0x0000000087b00000, 0x0000000087b00000, 0x0000000087c00000|  0%| F|  |TAMS 0x0000000087b00000, 0x0000000087b00000| Untracked 
| 110|0x0000000087c00000, 0x0000000087c00000, 0x0000000087d00000|  0%| F|  |TAMS 0x0000000087c00000, 0x0000000087c00000| Untracked 
| 111|0x0000000087d00000, 0x0000000087d00000, 0x0000000087e00000|  0%| F|  |TAMS 0x0000000087d00000, 0x0000000087d00000| Untracked 
| 112|0x0000000087e00000, 0x0000000087e00000, 0x0000000087f00000|  0%| F|  |TAMS 0x0000000087e00000, 0x0000000087e00000| Untracked 
| 113|0x0000000087f00000, 0x0000000087f00000, 0x0000000088000000|  0%| F|  |TAMS 0x0000000087f00000, 0x0000000087f00000| Untracked 
| 114|0x0000000088000000, 0x0000000088000000, 0x0000000088100000|  0%| F|  |TAMS 0x0000000088000000, 0x0000000088000000| Untracked 
| 115|0x0000000088100000, 0x0000000088100000, 0x0000000088200000|  0%| F|  |TAMS 0x0000000088100000, 0x0000000088100000| Untracked 
| 116|0x0000000088200000, 0x0000000088200000, 0x0000000088300000|  0%| F|  |TAMS 0x0000000088200000, 0x0000000088200000| Untracked 
| 117|0x0000000088300000, 0x0000000088300000, 0x0000000088400000|  0%| F|  |TAMS 0x0000000088300000, 0x0000000088300000| Untracked 
| 118|0x0000000088400000, 0x0000000088400000, 0x0000000088500000|  0%| F|  |TAMS 0x0000000088400000, 0x0000000088400000| Untracked 
| 119|0x0000000088500000, 0x0000000088500000, 0x0000000088600000|  0%| F|  |TAMS 0x0000000088500000, 0x0000000088500000| Untracked 
| 120|0x0000000088600000, 0x0000000088600000, 0x0000000088700000|  0%| F|  |TAMS 0x0000000088600000, 0x0000000088600000| Untracked 
| 121|0x0000000088700000, 0x0000000088700000, 0x0000000088800000|  0%| F|  |TAMS 0x0000000088700000, 0x0000000088700000| Untracked 
| 122|0x0000000088800000, 0x0000000088800000, 0x0000000088900000|  0%| F|  |TAMS 0x0000000088800000, 0x0000000088800000| Untracked 
| 123|0x0000000088900000, 0x0000000088900000, 0x0000000088a00000|  0%| F|  |TAMS 0x0000000088900000, 0x0000000088900000| Untracked 
| 124|0x0000000088a00000, 0x0000000088a00000, 0x0000000088b00000|  0%| F|  |TAMS 0x0000000088a00000, 0x0000000088a00000| Untracked 
| 125|0x0000000088b00000, 0x0000000088b00000, 0x0000000088c00000|  0%| F|  |TAMS 0x0000000088b00000, 0x0000000088b00000| Untracked 
| 126|0x0000000088c00000, 0x0000000088c00000, 0x0000000088d00000|  0%| F|  |TAMS 0x0000000088c00000, 0x0000000088c00000| Untracked 
| 127|0x0000000088d00000, 0x0000000088d00000, 0x0000000088e00000|  0%| F|  |TAMS 0x0000000088d00000, 0x0000000088d00000| Untracked 

Card table byte_map: [0x000001a3932f0000,0x000001a3936f0000] _byte_map_base: 0x000001a392ee9000

Marking Bits (Prev, Next): (CMBitMap*) 0x000001a3fdfdb968, (CMBitMap*) 0x000001a3fdfdb9a0
 Prev Bits: [0x000001a393af0000, 0x000001a395ab8000)
 Next Bits: [0x000001a395ac0000, 0x000001a397a88000)

Polling page: 0x000001a380000000

Metaspace:

Usage:
  Non-class:     39.28 MB capacity,    38.93 MB (>99%) used,   290.48 KB ( <1%) free+waste,    64.44 KB ( <1%) overhead. 
      Class:      5.42 MB capacity,     5.24 MB ( 97%) used,   154.66 KB (  3%) free+waste,    27.44 KB ( <1%) overhead. 
       Both:     44.70 MB capacity,    44.17 MB ( 99%) used,   445.14 KB ( <1%) free+waste,    91.88 KB ( <1%) overhead. 

Virtual space:
  Non-class space:       40.00 MB reserved,      39.41 MB ( 99%) committed 
      Class space:        1.00 GB reserved,       5.50 MB ( <1%) committed 
             Both:        1.04 GB reserved,      44.90 MB (  4%) committed 

Chunk freelists:
   Non-Class:  67.00 KB
       Class:  18.00 KB
        Both:  85.00 KB

MaxMetaspaceSize: 17179869184.00 GB
CompressedClassSpaceSize: 1.00 GB

CodeHeap 'non-profiled nmethods': size=120064Kb used=1172Kb max_used=1172Kb free=118891Kb
 bounds [0x000001a38b380000, 0x000001a38b5f0000, 0x000001a3928c0000]
CodeHeap 'profiled nmethods': size=120000Kb used=6341Kb max_used=6341Kb free=113658Kb
 bounds [0x000001a383e50000, 0x000001a384490000, 0x000001a38b380000]
CodeHeap 'non-nmethods': size=5696Kb used=1175Kb max_used=1215Kb free=4520Kb
 bounds [0x000001a3838c0000, 0x000001a383b30000, 0x000001a383e50000]
 total_blobs=3685 nmethods=3151 adapters=445
 compilation: enabled
              stopped_count=0, restarted_count=0
 full_count=0

Compilation events (20 events):
Event: 2.953 Thread 0x000001a39a0f8000 3162       2       org.jetbrains.kotlin.load.java.structure.impl.classFiles.AnnotationsCollectorFieldVisitor::<init> (40 bytes)
Event: 2.954 Thread 0x000001a39a0f8000 nmethod 3162 0x000001a38447e310 code [0x000001a38447e5a0, 0x000001a38447ecc8]
Event: 2.954 Thread 0x000001a39a0f8000 3163       2       org.jetbrains.org.objectweb.asm.FieldVisitor::<init> (7 bytes)
Event: 2.954 Thread 0x000001a39a0f8000 nmethod 3163 0x000001a38447f110 code [0x000001a38447f2c0, 0x000001a38447f3e8]
Event: 2.954 Thread 0x000001a39a0f8000 3164       2       org.jetbrains.org.objectweb.asm.FieldVisitor::<init> (88 bytes)
Event: 2.954 Thread 0x000001a39a0f8000 nmethod 3164 0x000001a38447f490 code [0x000001a38447f6a0, 0x000001a38447fba8]
Event: 2.955 Thread 0x000001a39a0f8000 3165       2       javaslang.collection.HashArrayMappedTrieModule$AbstractNode::<init> (5 bytes)
Event: 2.955 Thread 0x000001a39a0f8000 nmethod 3165 0x000001a38447fe10 code [0x000001a38447ffc0, 0x000001a3844800b8]
Event: 2.956 Thread 0x000001a39a0f8000 3166       1       org.jetbrains.kotlin.load.java.structure.impl.classFiles.BinaryJavaClass::getOuterClass (5 bytes)
Event: 2.956 Thread 0x000001a39a0f8000 nmethod 3166 0x000001a38b4a4c90 code [0x000001a38b4a4e40, 0x000001a38b4a4ef8]
Event: 2.963 Thread 0x000001a39a0f8000 3167       2       org.jetbrains.kotlin.name.FqName::child (26 bytes)
Event: 2.964 Thread 0x000001a39a0f8000 nmethod 3167 0x000001a384480190 code [0x000001a384480360, 0x000001a384480608]
Event: 2.964 Thread 0x000001a39a0f8000 3168       2       org.jetbrains.kotlin.name.FqName::<init> (23 bytes)
Event: 2.964 Thread 0x000001a39a0f8000 nmethod 3168 0x000001a384480790 code [0x000001a384480940, 0x000001a384480b28]
Event: 2.964 Thread 0x000001a39a0f8000 3169       1       org.jetbrains.kotlin.load.java.structure.impl.classFiles.ClassifierResolutionContext$InnerClassInfo::getSimpleName (5 bytes)
Event: 2.964 Thread 0x000001a39a0f8000 nmethod 3169 0x000001a38b4a4f90 code [0x000001a38b4a5140, 0x000001a38b4a51f8]
Event: 2.965 Thread 0x000001a39a0f8000 3170       2       org.jetbrains.kotlin.load.java.structure.impl.classFiles.BinaryJavaAnnotation$Companion::addAnnotation$default (23 bytes)
Event: 2.965 Thread 0x000001a39a0f8000 nmethod 3170 0x000001a384480c10 code [0x000001a384480dc0, 0x000001a384480ec8]
Event: 2.967 Thread 0x000001a39a0f8000 3171       2       org.jetbrains.kotlin.load.java.structure.impl.classFiles.AnnotationsAndParameterCollectorMethodVisitor::visitAnnotation (33 bytes)
Event: 2.968 Thread 0x000001a39a0f8000 nmethod 3171 0x000001a384480f90 code [0x000001a384481180, 0x000001a384481468]

GC Heap History (9 events):
Event: 0.417 GC heap before
{Heap before GC invocations=0 (full 0):
 garbage-first heap   total 131072K, used 17408K [0x0000000080e00000, 0x0000000100000000)
  region size 1024K, 14 young (14336K), 0 survivors (0K)
 Metaspace       used 9787K, capacity 9871K, committed 10112K, reserved 1058816K
  class space    used 828K, capacity 884K, committed 896K, reserved 1048576K
}
Event: 0.420 GC heap after
{Heap after GC invocations=1 (full 0):
 garbage-first heap   total 131072K, used 5141K [0x0000000080e00000, 0x0000000100000000)
  region size 1024K, 2 young (2048K), 2 survivors (2048K)
 Metaspace       used 9787K, capacity 9871K, committed 10112K, reserved 1058816K
  class space    used 828K, capacity 884K, committed 896K, reserved 1048576K
}
Event: 1.141 GC heap before
{Heap before GC invocations=1 (full 0):
 garbage-first heap   total 131072K, used 51221K [0x0000000080e00000, 0x0000000100000000)
  region size 1024K, 48 young (49152K), 2 survivors (2048K)
 Metaspace       used 20975K, capacity 21194K, committed 21248K, reserved 1069056K
  class space    used 2214K, capacity 2297K, committed 2304K, reserved 1048576K
}
Event: 1.152 GC heap after
{Heap after GC invocations=2 (full 0):
 garbage-first heap   total 131072K, used 9619K [0x0000000080e00000, 0x0000000100000000)
  region size 1024K, 7 young (7168K), 7 survivors (7168K)
 Metaspace       used 20975K, capacity 21194K, committed 21248K, reserved 1069056K
  class space    used 2214K, capacity 2297K, committed 2304K, reserved 1048576K
}
Event: 1.957 GC heap before
{Heap before GC invocations=3 (full 0):
 garbage-first heap   total 131072K, used 72083K [0x0000000080e00000, 0x0000000100000000)
  region size 1024K, 56 young (57344K), 7 survivors (7168K)
 Metaspace       used 31952K, capacity 32405K, committed 32764K, reserved 1077248K
  class space    used 3779K, capacity 3937K, committed 4092K, reserved 1048576K
}
Event: 1.970 GC heap after
{Heap after GC invocations=4 (full 0):
 garbage-first heap   total 131072K, used 23694K [0x0000000080e00000, 0x0000000100000000)
  region size 1024K, 6 young (6144K), 6 survivors (6144K)
 Metaspace       used 31952K, capacity 32405K, committed 32764K, reserved 1077248K
  class space    used 3779K, capacity 3937K, committed 4092K, reserved 1048576K
}
Event: 2.175 GC heap before
{Heap before GC invocations=4 (full 0):
 garbage-first heap   total 131072K, used 39054K [0x0000000080e00000, 0x0000000100000000)
  region size 1024K, 22 young (22528K), 6 survivors (6144K)
 Metaspace       used 35278K, capacity 35760K, committed 35964K, reserved 1081344K
  class space    used 4140K, capacity 4330K, committed 4476K, reserved 1048576K
}
Event: 2.187 GC heap after
{Heap after GC invocations=5 (full 0):
 garbage-first heap   total 131072K, used 25956K [0x0000000080e00000, 0x0000000100000000)
  region size 1024K, 3 young (3072K), 3 survivors (3072K)
 Metaspace       used 35278K, capacity 35760K, committed 35964K, reserved 1081344K
  class space    used 4140K, capacity 4330K, committed 4476K, reserved 1048576K
}
Event: 2.968 GC heap before
{Heap before GC invocations=6 (full 0):
 garbage-first heap   total 131072K, used 75108K [0x0000000080e00000, 0x0000000100000000)
  region size 1024K, 51 young (52224K), 3 survivors (3072K)
 Metaspace       used 45233K, capacity 45771K, committed 45980K, reserved 1089536K
  class space    used 5367K, capacity 5550K, committed 5628K, reserved 1048576K
}

Deoptimization events (20 events):
Event: 2.812 Thread 0x000001a3fdf98800 Uncommon trap: trap_request=0xffffffc6 fr.pc=0x000001a38b46496c relative=0x000000000000056c
Event: 2.812 Thread 0x000001a3fdf98800 Uncommon trap: reason=bimorphic_or_optimized_type_check action=maybe_recompile pc=0x000001a38b46496c method=org.jetbrains.kotlin.protobuf.CodedInputStream.tryRefillBuffer(I)Z @ 177 c2
Event: 2.812 Thread 0x000001a3fdf98800 DEOPT PACKING pc=0x000001a38b46496c sp=0x00000003b46fce90
Event: 2.812 Thread 0x000001a3fdf98800 DEOPT UNPACKING pc=0x000001a3838e74af sp=0x00000003b46fcd78 mode 2
Event: 2.814 Thread 0x000001a3fdf98800 Uncommon trap: trap_request=0xffffffc6 fr.pc=0x000001a38b46496c relative=0x000000000000056c
Event: 2.814 Thread 0x000001a3fdf98800 Uncommon trap: reason=bimorphic_or_optimized_type_check action=maybe_recompile pc=0x000001a38b46496c method=org.jetbrains.kotlin.protobuf.CodedInputStream.tryRefillBuffer(I)Z @ 177 c2
Event: 2.814 Thread 0x000001a3fdf98800 DEOPT PACKING pc=0x000001a38b46496c sp=0x00000003b46fce90
Event: 2.814 Thread 0x000001a3fdf98800 DEOPT UNPACKING pc=0x000001a3838e74af sp=0x00000003b46fcd78 mode 2
Event: 2.814 Thread 0x000001a3fdf98800 Uncommon trap: trap_request=0xffffffc6 fr.pc=0x000001a38b46496c relative=0x000000000000056c
Event: 2.814 Thread 0x000001a3fdf98800 Uncommon trap: reason=bimorphic_or_optimized_type_check action=maybe_recompile pc=0x000001a38b46496c method=org.jetbrains.kotlin.protobuf.CodedInputStream.tryRefillBuffer(I)Z @ 177 c2
Event: 2.814 Thread 0x000001a3fdf98800 DEOPT PACKING pc=0x000001a38b46496c sp=0x00000003b46fcfa0
Event: 2.814 Thread 0x000001a3fdf98800 DEOPT UNPACKING pc=0x000001a3838e74af sp=0x00000003b46fce88 mode 2
Event: 2.814 Thread 0x000001a3fdf98800 Uncommon trap: trap_request=0xffffffc6 fr.pc=0x000001a38b46496c relative=0x000000000000056c
Event: 2.814 Thread 0x000001a3fdf98800 Uncommon trap: reason=bimorphic_or_optimized_type_check action=maybe_recompile pc=0x000001a38b46496c method=org.jetbrains.kotlin.protobuf.CodedInputStream.tryRefillBuffer(I)Z @ 177 c2
Event: 2.814 Thread 0x000001a3fdf98800 DEOPT PACKING pc=0x000001a38b46496c sp=0x00000003b46fcfa0
Event: 2.814 Thread 0x000001a3fdf98800 DEOPT UNPACKING pc=0x000001a3838e74af sp=0x00000003b46fce88 mode 2
Event: 2.883 Thread 0x000001a3fdf98800 DEOPT PACKING pc=0x000001a384127ee8 sp=0x00000003b46fbac0
Event: 2.883 Thread 0x000001a3fdf98800 DEOPT UNPACKING pc=0x000001a3838e72ce sp=0x00000003b46fafc8 mode 0
Event: 2.897 Thread 0x000001a3fdf98800 DEOPT PACKING pc=0x000001a3843908ff sp=0x00000003b46fbd60
Event: 2.897 Thread 0x000001a3fdf98800 DEOPT UNPACKING pc=0x000001a3838e72ce sp=0x00000003b46fb1b0 mode 0

Classes redefined (0 events):
No events

Internal exceptions (20 events):
Event: 1.087 Thread 0x000001a3fdf98800 Exception <a 'java/lang/NoSuchMethodError'{0x000000008610d9d8}: 'long java.lang.invoke.DirectMethodHandle$Holder.invokeStatic(java.lang.Object)'> (0x000000008610d9d8) thrown at [./src/hotspot/share/interpreter/linkResolver.cpp, line 773]
Event: 1.088 Thread 0x000001a3fdf98800 Exception <a 'java/lang/NoSuchMethodError'{0x0000000086110830}: 'long java.lang.invoke.DirectMethodHandle$Holder.invokeStaticInit(java.lang.Object)'> (0x0000000086110830) thrown at [./src/hotspot/share/interpreter/linkResolver.cpp, line 773]
Event: 1.133 Thread 0x000001a3fdf98800 Exception <a 'java/lang/NoSuchMethodError'{0x0000000085e7a0d0}: 'int java.lang.invoke.DirectMethodHandle$Holder.invokeStaticInit(java.lang.Object, java.lang.Object, java.lang.Object)'> (0x0000000085e7a0d0) thrown at [./src/hotspot/share/interpreter/linkResolver.cpp, line 773]
Event: 1.136 Thread 0x000001a3fdf98800 Exception <a 'java/lang/NoSuchMethodError'{0x0000000085ea5a30}: 'int java.lang.invoke.DirectMethodHandle$Holder.invokeStaticInit(java.lang.Object, java.lang.Object)'> (0x0000000085ea5a30) thrown at [./src/hotspot/share/interpreter/linkResolver.cpp, line 773]
Event: 1.322 Thread 0x000001a3fdf98800 Exception <a 'java/lang/NoSuchMethodError'{0x0000000088447c30}: 'java.lang.Object java.lang.invoke.DirectMethodHandle$Holder.invokeStatic(java.lang.Object, java.lang.Object, java.lang.Object, java.lang.Object, java.lang.Object, java.lang.Object, java.lang.Object, java.lang.Object, java.lang.Object, java.lang.Object, java.lang.Object, java.lang.Object, java.lang.Object, java.lang.Object, java.lang.Object)'> (0x0000000088447c30) thrown at [./src/hotspot/share/interpreter/linkResolver.cpp, line 773]
Event: 1.323 Thread 0x000001a3fdf98800 Exception <a 'java/lang/NoSuchMethodError'{0x0000000088456008}: 'java.lang.Object java.lang.invoke.DirectMethodHandle$Holder.invokeStatic(java.lang.Object, java.lang.Object, java.lang.Object, java.lang.Object, java.lang.Object, java.lang.Object, java.lang.Object, java.lang.Object, java.lang.Object, java.lang.Object, java.lang.Object, java.lang.Object, java.lang.Object, java.lang.Object, java.lang.Object, java.lang.Object)'> (0x0000000088456008) thrown at [./src/hotspot/share/interpreter/linkResolver.cpp, l
Event: 1.324 Thread 0x000001a3fdf98800 Exception <a 'java/lang/NoSuchMethodError'{0x0000000088463f20}: 'java.lang.Object java.lang.invoke.DirectMethodHandle$Holder.invokeSpecial(java.lang.Object, java.lang.Object, int, int, java.lang.Object, java.lang.Object, java.lang.Object)'> (0x0000000088463f20) thrown at [./src/hotspot/share/interpreter/linkResolver.cpp, line 773]
Event: 1.324 Thread 0x000001a3fdf98800 Exception <a 'java/lang/NoSuchMethodError'{0x0000000088467758}: 'java.lang.Object java.lang.invoke.DelegatingMethodHandle$Holder.reinvoke_L(java.lang.Object, int, int, java.lang.Object, java.lang.Object, java.lang.Object)'> (0x0000000088467758) thrown at [./src/hotspot/share/interpreter/linkResolver.cpp, line 773]
Event: 1.324 Thread 0x000001a3fdf98800 Exception <a 'java/lang/NoSuchMethodError'{0x000000008846bae0}: 'java.lang.Object java.lang.invoke.DirectMethodHandle$Holder.invokeStatic(java.lang.Object, java.lang.Object, java.lang.Object, java.lang.Object, int)'> (0x000000008846bae0) thrown at [./src/hotspot/share/interpreter/linkResolver.cpp, line 773]
Event: 1.360 Thread 0x000001a3fdf98800 Implicit null exception at 0x000001a38b40a6ac to 0x000001a38b40a85a
Event: 1.389 Thread 0x000001a3fdf98800 Exception <a 'java/lang/NoSuchMethodError'{0x0000000087fd02a0}: 'void java.lang.invoke.DirectMethodHandle$Holder.invokeStatic(java.lang.Object, java.lang.Object, java.lang.Object, java.lang.Object)'> (0x0000000087fd02a0) thrown at [./src/hotspot/share/interpreter/linkResolver.cpp, line 773]
Event: 1.406 Thread 0x000001a3fdf98800 Exception <a 'java/lang/NoSuchMethodError'{0x0000000087d1f348}: 'void java.lang.invoke.DirectMethodHandle$Holder.invokeSpecial(java.lang.Object, java.lang.Object)'> (0x0000000087d1f348) thrown at [./src/hotspot/share/interpreter/linkResolver.cpp, line 773]
Event: 1.438 Thread 0x000001a3fdf98800 Exception <a 'java/lang/NoSuchMethodError'{0x0000000087bc21d8}: 'void java.lang.invoke.DirectMethodHandle$Holder.invokeStaticInit(java.lang.Object, java.lang.Object)'> (0x0000000087bc21d8) thrown at [./src/hotspot/share/interpreter/linkResolver.cpp, line 773]
Event: 1.445 Thread 0x000001a3fdf98800 Exception <a 'java/lang/NoSuchMethodError'{0x0000000087a00a38}: 'void java.lang.invoke.DirectMethodHandle$Holder.invokeInterface(java.lang.Object, java.lang.Object)'> (0x0000000087a00a38) thrown at [./src/hotspot/share/interpreter/linkResolver.cpp, line 773]
Event: 1.532 Thread 0x000001a3fdf98800 Exception <a 'java/lang/NoSuchMethodError'{0x000000008756fa20}: 'void java.lang.invoke.DirectMethodHandle$Holder.invokeVirtual(java.lang.Object, java.lang.Object)'> (0x000000008756fa20) thrown at [./src/hotspot/share/interpreter/linkResolver.cpp, line 773]
Event: 1.539 Thread 0x000001a3fdf98800 Exception <a 'java/lang/NoSuchMethodError'{0x00000000875e5a10}: 'int java.lang.invoke.DirectMethodHandle$Holder.invokeVirtual(java.lang.Object, java.lang.Object)'> (0x00000000875e5a10) thrown at [./src/hotspot/share/interpreter/linkResolver.cpp, line 773]
Event: 2.073 Thread 0x000001a3fdf98800 Exception <a 'java/lang/NoSuchMethodError'{0x00000000886c8860}: 'java.lang.Object java.lang.invoke.DirectMethodHandle$Holder.invokeVirtual(java.lang.Object, java.lang.Object, java.lang.Object)'> (0x00000000886c8860) thrown at [./src/hotspot/share/interpreter/linkResolver.cpp, line 773]
Event: 2.841 Thread 0x000001a3fdf98800 Exception <a 'java/lang/NoSuchMethodError'{0x0000000086166d78}: 'java.lang.Object java.lang.invoke.DirectMethodHandle$Holder.invokeStatic(java.lang.Object, java.lang.Object, java.lang.Object, int)'> (0x0000000086166d78) thrown at [./src/hotspot/share/interpreter/linkResolver.cpp, line 773]
Event: 2.841 Thread 0x000001a3fdf98800 Exception <a 'java/lang/NoSuchMethodError'{0x000000008616a740}: 'java.lang.Object java.lang.invoke.DirectMethodHandle$Holder.invokeSpecial(java.lang.Object, java.lang.Object, java.lang.Object, java.lang.Object, int)'> (0x000000008616a740) thrown at [./src/hotspot/share/interpreter/linkResolver.cpp, line 773]
Event: 2.842 Thread 0x000001a3fdf98800 Exception <a 'java/lang/NoSuchMethodError'{0x000000008616d7a8}: 'java.lang.Object java.lang.invoke.Invokers$Holder.linkToTargetMethod(java.lang.Object, java.lang.Object, int, java.lang.Object)'> (0x000000008616d7a8) thrown at [./src/hotspot/share/interpreter/linkResolver.cpp, line 773]

Events (20 events):
Event: 2.886 loading class org/jetbrains/kotlin/load/java/structure/JavaLiteralAnnotationArgument done
Event: 2.887 loading class org/jetbrains/kotlin/load/java/structure/impl/classFiles/PlainJavaEnumValueAnnotationArgument
Event: 2.887 loading class org/jetbrains/kotlin/load/java/structure/impl/classFiles/PlainJavaEnumValueAnnotationArgument done
Event: 2.887 loading class org/jetbrains/kotlin/load/java/structure/JavaEnumValueAnnotationArgument
Event: 2.887 loading class org/jetbrains/kotlin/load/java/structure/JavaEnumValueAnnotationArgument done
Event: 2.889 loading class org/jetbrains/kotlin/descriptors/NotFoundClasses$MockClassDescriptor
Event: 2.889 loading class org/jetbrains/kotlin/descriptors/NotFoundClasses$MockClassDescriptor done
Event: 2.899 loading class gnu/trove/THashMap$KeyView
Event: 2.899 loading class gnu/trove/THashMap$KeyView done
Event: 2.916 loading class javaslang/control/Option$None
Event: 2.916 loading class javaslang/control/Option$None done
Event: 2.931 loading class org/jetbrains/kotlin/utils/SmartList$SingletonIterator
Event: 2.931 loading class org/jetbrains/kotlin/utils/SmartList$SingletonIterator done
Event: 2.931 loading class org/jetbrains/kotlin/utils/SmartList$SingletonIteratorBase
Event: 2.931 loading class org/jetbrains/kotlin/utils/SmartList$SingletonIteratorBase done
Event: 2.965 loading class org/jetbrains/kotlin/load/java/structure/impl/classFiles/PlainJavaAnnotationAsAnnotationArgument
Event: 2.965 loading class org/jetbrains/kotlin/load/java/structure/impl/classFiles/PlainJavaAnnotationAsAnnotationArgument done
Event: 2.965 loading class org/jetbrains/kotlin/load/java/structure/JavaAnnotationAsAnnotationArgument
Event: 2.965 loading class org/jetbrains/kotlin/load/java/structure/JavaAnnotationAsAnnotationArgument done
Event: 2.968 Executing VM operation: G1CollectForAllocation


Dynamic libraries:
0x00007ff7348b0000 - 0x00007ff7348ba000 	C:\Program Files\Android\Android Studio\jre\bin\java.exe
0x00007fff8f890000 - 0x00007fff8fa85000 	C:\Windows\SYSTEM32\ntdll.dll
0x00007fff8f370000 - 0x00007fff8f42d000 	C:\Windows\System32\KERNEL32.DLL
0x00007fff8d160000 - 0x00007fff8d428000 	C:\Windows\System32\KERNELBASE.dll
0x00007fff8d7f0000 - 0x00007fff8d8f0000 	C:\Windows\System32\ucrtbase.dll
0x00007fff6d1f0000 - 0x00007fff6d209000 	C:\Program Files\Android\Android Studio\jre\bin\jli.dll
0x00007fff69650000 - 0x00007fff69667000 	C:\Program Files\Android\Android Studio\jre\bin\VCRUNTIME140.dll
0x00007fff8ece0000 - 0x00007fff8ee80000 	C:\Windows\System32\USER32.dll
0x00007fff8cfd0000 - 0x00007fff8cff2000 	C:\Windows\System32\win32u.dll
0x00007fff8f190000 - 0x00007fff8f1ba000 	C:\Windows\System32\GDI32.dll
0x00007fff79c20000 - 0x00007fff79eba000 	C:\Windows\WinSxS\amd64_microsoft.windows.common-controls_6595b64144ccf1df_6.0.19041.844_none_ca00b6081b84eb1d\COMCTL32.dll
0x00007fff8d6e0000 - 0x00007fff8d7eb000 	C:\Windows\System32\gdi32full.dll
0x00007fff8dcb0000 - 0x00007fff8dd4e000 	C:\Windows\System32\msvcrt.dll
0x00007fff8d4b0000 - 0x00007fff8d54d000 	C:\Windows\System32\msvcp_win.dll
0x00007fff8ecb0000 - 0x00007fff8ece0000 	C:\Windows\System32\IMM32.DLL
0x00007fff54020000 - 0x00007fff540bd000 	C:\Program Files\Android\Android Studio\jre\bin\msvcp140.dll
0x00007fff46130000 - 0x00007fff46bec000 	C:\Program Files\Android\Android Studio\jre\bin\server\jvm.dll
0x00007fff8db50000 - 0x00007fff8dbfc000 	C:\Windows\System32\ADVAPI32.dll
0x00007fff8f430000 - 0x00007fff8f4cb000 	C:\Windows\System32\sechost.dll
0x00007fff8da10000 - 0x00007fff8db3b000 	C:\Windows\System32\RPCRT4.dll
0x00007fff8db40000 - 0x00007fff8db48000 	C:\Windows\System32\PSAPI.DLL
0x00007fff88b70000 - 0x00007fff88b79000 	C:\Windows\SYSTEM32\WSOCK32.dll
0x00007fff8f040000 - 0x00007fff8f0ab000 	C:\Windows\System32\WS2_32.dll
0x00007fff7df20000 - 0x00007fff7df47000 	C:\Windows\SYSTEM32\WINMM.dll
0x00007fff86970000 - 0x00007fff8697a000 	C:\Windows\SYSTEM32\VERSION.dll
0x00007fff8b8f0000 - 0x00007fff8b902000 	C:\Windows\SYSTEM32\kernel.appcore.dll
0x00007fff6d1d0000 - 0x00007fff6d1e1000 	C:\Program Files\Android\Android Studio\jre\bin\verify.dll
0x00007fff7b2d0000 - 0x00007fff7b4b4000 	C:\Windows\SYSTEM32\DBGHELP.DLL
0x00007fff79ec0000 - 0x00007fff79eec000 	C:\Windows\SYSTEM32\dbgcore.DLL
0x00007fff8d430000 - 0x00007fff8d4b0000 	C:\Windows\System32\bcryptPrimitives.dll
0x00007fff6cf20000 - 0x00007fff6cf49000 	C:\Program Files\Android\Android Studio\jre\bin\java.dll
0x00007fff88090000 - 0x00007fff8809b000 	C:\Program Files\Android\Android Studio\jre\bin\jimage.dll
0x00007fff6c850000 - 0x00007fff6c868000 	C:\Program Files\Android\Android Studio\jre\bin\zip.dll
0x00007fff8e1c0000 - 0x00007fff8e902000 	C:\Windows\System32\SHELL32.dll
0x00007fff8b100000 - 0x00007fff8b890000 	C:\Windows\SYSTEM32\windows.storage.dll
0x00007fff8f4d0000 - 0x00007fff8f825000 	C:\Windows\System32\combase.dll
0x00007fff8ca40000 - 0x00007fff8ca6c000 	C:\Windows\SYSTEM32\Wldp.dll
0x00007fff8ea40000 - 0x00007fff8eaee000 	C:\Windows\System32\SHCORE.dll
0x00007fff8d8f0000 - 0x00007fff8d945000 	C:\Windows\System32\shlwapi.dll
0x00007fff8cf10000 - 0x00007fff8cf2f000 	C:\Windows\SYSTEM32\profapi.dll
0x00007fff6c830000 - 0x00007fff6c84a000 	C:\Program Files\Android\Android Studio\jre\bin\net.dll
0x00007fff82e50000 - 0x00007fff82f5b000 	C:\Windows\SYSTEM32\WINHTTP.dll
0x00007fff8c7b0000 - 0x00007fff8c81a000 	C:\Windows\system32\mswsock.dll
0x00007fff6c580000 - 0x00007fff6c594000 	C:\Program Files\Android\Android Studio\jre\bin\nio.dll

dbghelp: loaded successfully - version: 4.0.5 - missing functions: none
symbol engine: initialized successfully - sym options: 0x614 - pdb path: .;C:\Program Files\Android\Android Studio\jre\bin;C:\Windows\SYSTEM32;C:\Windows\WinSxS\amd64_microsoft.windows.common-controls_6595b64144ccf1df_6.0.19041.844_none_ca00b6081b84eb1d;C:\Program Files\Android\Android Studio\jre\bin\server

VM Arguments:
java_command: org.jetbrains.kotlin.cli.jvm.K2JVMCompiler @C:\Stocknize\StocknizeProject-FrontEnd\Felipe-ajustes\stocknizeproject-frontend\app\build\20210602_2870188436552034695.compiler.options
java_class_path (initial): C:\Users\Dm_sf\.gradle\caches\modules-2\files-2.1\org.jetbrains.kotlin\kotlin-compiler-embeddable\1.5.10\9c35134a025cab7a1e6eee0d87d241c2f30c1218\kotlin-compiler-embeddable-1.5.10.jar;C:\Users\Dm_sf\.gradle\caches\modules-2\files-2.1\org.jetbrains.kotlin\kotlin-reflect\1.5.10\d6c70f3c0df2457ea0095c61c1fc1188017dc3bc\kotlin-reflect-1.5.10.jar;C:\Users\Dm_sf\.gradle\caches\modules-2\files-2.1\org.jetbrains.kotlin\kotlin-stdlib\1.5.10\da6a904b132f0402fa4d79169a3c1770598d4702\kotlin-stdlib-1.5.10.jar;C:\Users\Dm_sf\.gradle\caches\modules-2\files-2.1\org.jetbrains.kotlin\kotlin-script-runtime\1.5.10\69bad0ece91b0797055aeadbd44dc742c458398b\kotlin-script-runtime-1.5.10.jar;C:\Users\Dm_sf\.gradle\caches\modules-2\files-2.1\org.jetbrains.kotlin\kotlin-daemon-embeddable\1.5.10\d06ad33b62b041dae0609f830c3b48135d53b8bc\kotlin-daemon-embeddable-1.5.10.jar;C:\Users\Dm_sf\.gradle\caches\modules-2\files-2.1\org.jetbrains.intellij.deps\trove4j\1.0.20181211\216c2e14b070f334479d800987affe4054cd563f\trove4j-1.0.20181211.jar;C:\Users\Dm_sf\.gradle\caches\modules-2\files-2.1\org.jetbrains\annotations\13.0\919f0dfe192fb4e063e7dacadee7f8bb9a2672a9\annotations-13.0.jar;C:\Users\Dm_sf\.gradle\caches\modules-2\files-2.1\org.jetbrains.kotlin\kotlin-stdlib-common\1.5.10\6b84d926e28493be69daf673e40076f89492ef7\kotlin-stdlib-common-1.5.10.jar
Launcher Type: SUN_STANDARD

[Global flags]
     intx CICompilerCount                          = 3                                         {product} {ergonomic}
     uint ConcGCThreads                            = 1                                         {product} {ergonomic}
     uint G1ConcRefinementThreads                  = 4                                         {product} {ergonomic}
   size_t G1HeapRegionSize                         = 1048576                                   {product} {ergonomic}
    uintx GCDrainStackTargetSize                   = 64                                        {product} {ergonomic}
   size_t InitialHeapSize                          = 134217728                                 {product} {ergonomic}
   size_t MarkStackSize                            = 4194304                                   {product} {ergonomic}
   size_t MaxHeapSize                              = 2132803584                                {product} {ergonomic}
   size_t MaxNewSize                               = 1279262720                                {product} {ergonomic}
   size_t MinHeapDeltaBytes                        = 1048576                                   {product} {ergonomic}
    uintx NonNMethodCodeHeapSize                   = 5830732                                {pd product} {ergonomic}
    uintx NonProfiledCodeHeapSize                  = 122913754                              {pd product} {ergonomic}
    uintx ProfiledCodeHeapSize                     = 122913754                              {pd product} {ergonomic}
    uintx ReservedCodeCacheSize                    = 251658240                              {pd product} {ergonomic}
     bool SegmentedCodeCache                       = true                                      {product} {ergonomic}
     bool UseCompressedClassPointers               = true                                 {lp64_product} {ergonomic}
     bool UseCompressedOops                        = true                                 {lp64_product} {ergonomic}
     bool UseG1GC                                  = true                                      {product} {ergonomic}
     bool UseLargePagesIndividualAllocation        = false                                  {pd product} {ergonomic}

Logging:
Log output configuration:
 #0: stdout all=warning uptime,level,tags
 #1: stderr all=off uptime,level,tags

Environment Variables:
PATH=C:\Program Files (x86)\Common Files\Oracle\Java\javapath;C:\Windows\system32;C:\Windows;C:\Windows\System32\Wbem;C:\Windows\System32\WindowsPowerShell\v1.0\;C:\Windows\System32\OpenSSH\;C:\Program Files\NVIDIA Corporation\NVIDIA NvDLISR;C:\Program Files (x86)\NVIDIA Corporation\PhysX\Common;C:\Program Files\dotnet\;C:\Program Files\Microsoft SQL Server\Client SDK\ODBC\170\Tools\Binn\;C:\Program Files (x86)\Microsoft SQL Server\150\Tools\Binn\;C:\Program Files\Microsoft SQL Server\150\Tools\Binn\;C:\Program Files\Microsoft SQL Server\150\DTS\Binn\;C:\Program Files (x86)\Microsoft SQL Server\150\DTS\Binn\;C:\Program Files\nodejs\;C:\Program Files\Git\cmd;C:\Users\Dm_sf\AppData\Local\Microsoft\WindowsApps;C:\Users\Dm_sf\.dotnet\tools;C:\Users\Dm_sf\AppData\Local\Programs\Microsoft VS Code\bin;C:\Users\Dm_sf\AppData\Roaming\npm
USERNAME=Dm_sf
OS=Windows_NT
PROCESSOR_IDENTIFIER=Intel64 Family 6 Model 60 Stepping 3, GenuineIntel



---------------  S Y S T E M  ---------------

OS: Windows 10 , 64 bit Build 19041 (10.0.19041.928)
OS uptime: 0 days 9:16 hours

CPU:total 4 (initial active 4) (4 cores per cpu, 1 threads per core) family 6 model 60 stepping 3, cmov, cx8, fxsr, mmx, sse, sse2, sse3, ssse3, sse4.1, sse4.2, popcnt, avx, avx2, aes, clmul, erms, lzcnt, tsc, tscinvbit, bmi1, bmi2, fma

Memory: 4k page, system-wide physical 8130M (507M free)
TotalPageFile size 12130M (AvailPageFile size 18M)
current process WorkingSet (physical memory assigned to process): 249M, peak: 249M
current process commit charge ("private bytes"): 323M, peak: 347M

vm_info: OpenJDK 64-Bit Server VM (11.0.8+10-b944.6842174) for windows-amd64 JRE (11.0.8+10-b944.6842174), built on Sep 19 2020 01:11:42 by "builder" with MS VC++ 14.0 (VS2015)

END.
